<?xml version="1.0" encoding="UTF-8"?>
<!-- Generated by org.testng.reporters.JUnitReportReporter -->
<testsuite hostname="LTIN205658" failures="0" tests="5" name="objectModel.testing" time="67.923" errors="0" timestamp="2024-02-13T14:56:19 IST" skipped="0">
  <testcase classname="objectModel.testing" name="OneCognizant" time="6.233"/>
  <testcase classname="objectModel.testing" name="getUserDetails" time="6.964"/>
  <testcase classname="objectModel.testing" name="clickOnecognizant" time="5.946"/>
  <testcase classname="objectModel.testing" name="setSearch" time="9.293"/>
  <testcase classname="objectModel.testing" name="getAllSheet" time="39.487"/>
</testsuite> <!-- objectModel.testing -->
